Using pre-set license
Built from '2020.2/staging' branch; Version is '2020.2.0b11 (c499c2bf2e80) revision 12884418'; Using compiler version '192528614'; Build Type 'Release'
OS: 'Windows 10  (10.0.0) 64bit' Language: 'en' Physical Memory: 16303 MB
BatchMode: 1, IsHumanControllingUs: 0, StartBugReporterOnCrash: 0, Is64bit: 1, IsPro: 0

 COMMAND LINE ARGUMENTS:
C:\Program Files\Unity\Hub\Editor\2020.2.0b11\Editor\Unity.exe
-adb2
-batchMode
-noUpm
-name
AssetImportWorker0
-projectPath
D:/BugRepro
-logFile
Logs/AssetImportWorker0.log
-srvPort
54765
Successfully changed project path to: D:/BugRepro
D:/BugRepro
Using Asset Import Pipeline V2.
Refreshing native plugins compatible for Editor in 33.44 ms, found 0 plugins.
Preloading 0 native plugins for Editor in 0.00 ms.
Initialize engine version: 2020.2.0b11 (c499c2bf2e80)
[Subsystems] Discovering subsystems at path C:/Program Files/Unity/Hub/Editor/2020.2.0b11/Editor/Data/Resources/UnitySubsystems
[Subsystems] Discovering subsystems at path D:/BugRepro/Assets
GfxDevice: creating device client; threaded=0
Direct3D:
    Version:  Direct3D 11.0 [level 11.1]
    Renderer: NVIDIA GeForce GTX 1650 (ID=0x1f91)
    Vendor:   
    VRAM:     3962 MB
    Driver:   26.21.14.4223
Initialize mono
Mono path[0] = 'C:/Program Files/Unity/Hub/Editor/2020.2.0b11/Editor/Data/Managed'
Mono path[1] = 'C:/Program Files/Unity/Hub/Editor/2020.2.0b11/Editor/Data/MonoBleedingEdge/lib/mono/unityjit'
Mono config path = 'C:/Program Files/Unity/Hub/Editor/2020.2.0b11/Editor/Data/MonoBleedingEdge/etc'
Using monoOptions --debugger-agent=transport=dt_socket,embedding=1,server=y,suspend=n,address=127.0.0.1:56892
Begin MonoManager ReloadAssembly
Registering precompiled unity dll's ...
Register platform support module: C:/Program Files/Unity/Hub/Editor/2020.2.0b11/Editor/Data/PlaybackEngines/WindowsStandaloneSupport/UnityEditor.WindowsStandalone.Extensions.dll
Registered in 0.001864 seconds.
Native extension for WindowsStandalone target not found
Refreshing native plugins compatible for Editor in 20.93 ms, found 0 plugins.
Preloading 0 native plugins for Editor in 0.00 ms.
Invoked RoslynAnalysisRunner static constructor.
RoslynAnalysisRunner will not be running.
RoslynAnalysisRunner has terminated.
Mono: successfully reloaded assembly
- Completed reload, in  0.971 seconds
Platform modules already initialized, skipping
Registering precompiled user dll's ...
Registered in 0.002140 seconds.
Begin MonoManager ReloadAssembly
Symbol file LoadedFromMemory doesn't match image D:\BugRepro\Library\PackageCache\com.unity.ext.nunit@1.0.0\net35\unity-custom\nunit.framework.dll
Native extension for WindowsStandalone target not found
Refreshing native plugins compatible for Editor in 0.18 ms, found 0 plugins.
Preloading 0 native plugins for Editor in 0.00 ms.
Invoked RoslynAnalysisRunner static constructor.
RoslynAnalysisRunner will not be running.
RoslynAnalysisRunner has terminated.
Mono: successfully reloaded assembly
- Completed reload, in  0.745 seconds
Platform modules already initialized, skipping
========================================================================
Worker process is ready to serve import requests
Launched and connected shader compiler UnityShaderCompiler.exe after 0.03 seconds
Refreshing native plugins compatible for Editor in 0.18 ms, found 0 plugins.
Preloading 0 native plugins for Editor in 0.00 ms.
Unloading 968 Unused Serialized files (Serialized files now loaded: 0)
System memory in use before: 53.9 MB.
System memory in use after: 53.9 MB.

Unloading 16 unused Assets to reduce memory usage. Loaded Objects now: 1405.
Total: 1.807600 ms (FindLiveObjects: 0.243600 ms CreateObjectMapping: 0.036400 ms MarkObjects: 1.479600 ms  DeleteObjects: 0.046900 ms)

========================================================================
Received Import Request.
  path: Packages/com.coffee.csharp-compiler-settings/Editor/AssemblyRenamer.cs
  artifactKey: Guid(7ff21dd5f734e432d8d565260afbd268) Importer(815301076,1909f56bfc062723c751e8b465ee728b)
Start importing Packages/com.coffee.csharp-compiler-settings/Editor/AssemblyRenamer.cs using Guid(7ff21dd5f734e432d8d565260afbd268) Importer(815301076,1909f56bfc062723c751e8b465ee728b)  -> (artifact id: '39b82b07506ac0272641576e91eba9e6') in 0.028899 seconds
  Import took 0.030862 seconds .

========================================================================
Received Import Request.
  Time since last request: 0.000372 seconds.
  path: Packages/com.coffee.csharp-compiler-settings/Editor/CSharpCompilerSettings.Editor.asmdef
  artifactKey: Guid(f6da6e2b24ae14e78bd213de48372b5c) Importer(815301076,1909f56bfc062723c751e8b465ee728b)
Start importing Packages/com.coffee.csharp-compiler-settings/Editor/CSharpCompilerSettings.Editor.asmdef using Guid(f6da6e2b24ae14e78bd213de48372b5c) Importer(815301076,1909f56bfc062723c751e8b465ee728b)  -> (artifact id: 'efc660e537b31b7972d09e75811aa62d') in 0.007137 seconds
  Import took 0.008663 seconds .

========================================================================
Received Import Request.
  Time since last request: 0.000337 seconds.
  path: Packages/com.coffee.csharp-compiler-settings/Editor/InspectorGUI.cs
  artifactKey: Guid(4bee840544d23448ea3b6eb1e49e3496) Importer(815301076,1909f56bfc062723c751e8b465ee728b)
Start importing Packages/com.coffee.csharp-compiler-settings/Editor/InspectorGUI.cs using Guid(4bee840544d23448ea3b6eb1e49e3496) Importer(815301076,1909f56bfc062723c751e8b465ee728b)  -> (artifact id: 'baf3361cf2b1922938936e3df58d4d97') in 0.004237 seconds
  Import took 0.006342 seconds .

========================================================================
Received Import Request.
  Time since last request: 0.000337 seconds.
  path: Packages/com.coffee.csharp-compiler-settings/Editor/CscSettingsProvider.cs
  artifactKey: Guid(88408c728cd324353afabb38c5dc2aa9) Importer(815301076,1909f56bfc062723c751e8b465ee728b)
Start importing Packages/com.coffee.csharp-compiler-settings/Editor/CscSettingsProvider.cs using Guid(88408c728cd324353afabb38c5dc2aa9) Importer(815301076,1909f56bfc062723c751e8b465ee728b)  -> (artifact id: 'd60de7ab2b7bdb989fa9a881aeb115da') in 0.002014 seconds
  Import took 0.003957 seconds .

========================================================================
Received Import Request.
  Time since last request: 0.000307 seconds.
  path: Packages/com.coffee.csharp-compiler-settings/Editor/CSharpProjectModifier.cs
  artifactKey: Guid(0bbfd772f4d8347a8942b354797a36e8) Importer(815301076,1909f56bfc062723c751e8b465ee728b)
Start importing Packages/com.coffee.csharp-compiler-settings/Editor/CSharpProjectModifier.cs using Guid(0bbfd772f4d8347a8942b354797a36e8) Importer(815301076,1909f56bfc062723c751e8b465ee728b)  -> (artifact id: 'f772541ac33b797e269c440e23344443') in 0.004487 seconds
  Import took 0.006048 seconds .

========================================================================
Received Import Request.
  Time since last request: 0.000321 seconds.
  path: Packages/com.coffee.csharp-compiler-settings/Editor/AutoImporter.cs
  artifactKey: Guid(c89171cc784544169a8ff4bb2d24c55b) Importer(815301076,1909f56bfc062723c751e8b465ee728b)
Start importing Packages/com.coffee.csharp-compiler-settings/Editor/AutoImporter.cs using Guid(c89171cc784544169a8ff4bb2d24c55b) Importer(815301076,1909f56bfc062723c751e8b465ee728b)  -> (artifact id: '0f5ba4e2fbfb83d73f47ae9ce2969243') in 0.004824 seconds
  Import took 0.006553 seconds .

========================================================================
Received Import Request.
  Time since last request: 80.455251 seconds.
  path: Assets/Scenes
  artifactKey: Guid(5a3aceeebe040064e901c69a5dd235e1) Importer(815301076,1909f56bfc062723c751e8b465ee728b)
Start importing Assets/Scenes using Guid(5a3aceeebe040064e901c69a5dd235e1) Importer(815301076,1909f56bfc062723c751e8b465ee728b)  -> (artifact id: '3178f9f764131a9fef4b30d4e0b3a6cb') in 0.008877 seconds
  Import took 0.011261 seconds .

========================================================================
Received Import Request.
  Time since last request: 0.000406 seconds.
  path: Assets/TestScript.cs
  artifactKey: Guid(cec244aac86281a46b3cbd4a9e95340c) Importer(815301076,1909f56bfc062723c751e8b465ee728b)
Start importing Assets/TestScript.cs using Guid(cec244aac86281a46b3cbd4a9e95340c) Importer(815301076,1909f56bfc062723c751e8b465ee728b)  -> (artifact id: '48b409942a309c20f3323b7c3edc16cc') in 0.004731 seconds
  Import took 0.006469 seconds .

========================================================================
Received Import Request.
  Time since last request: 0.000329 seconds.
  path: Assets/InitOnlyPropertyLib.dll
  artifactKey: Guid(70d1f4d1bfefd5d48b902c1e7073ce72) Importer(815301076,1909f56bfc062723c751e8b465ee728b)
Start importing Assets/InitOnlyPropertyLib.dll using Guid(70d1f4d1bfefd5d48b902c1e7073ce72) Importer(815301076,1909f56bfc062723c751e8b465ee728b)  -> (artifact id: '8f16f430a67c904822a458c902593733') in 0.010074 seconds
  Import took 0.012154 seconds .

========================================================================
Received Import Request.
  Time since last request: 0.446871 seconds.
  path: Assets
  artifactKey: Guid(00000000000000001000000000000000) Importer(815301076,1909f56bfc062723c751e8b465ee728b)
Start importing Assets using Guid(00000000000000001000000000000000) Importer(815301076,1909f56bfc062723c751e8b465ee728b)  -> (artifact id: '0437566bff008dd77b398b4822277bc0') in 0.006410 seconds
  Import took 0.008319 seconds .

========================================================================
Received Import Request.
  Time since last request: 0.008101 seconds.
  path: Assets
  artifactKey: Guid(00000000000000001000000000000000) Importer(815301076,1909f56bfc062723c751e8b465ee728b)
Start importing Assets using Guid(00000000000000001000000000000000) Importer(815301076,1909f56bfc062723c751e8b465ee728b)  -> (artifact id: '0437566bff008dd77b398b4822277bc0') in 0.001903 seconds
  Import took 0.004021 seconds .

========================================================================
Received Import Request.
  Time since last request: 5.728325 seconds.
  path: Assets/Editor
  artifactKey: Guid(be0bc8e1756dd604e95ba748f32fde94) Importer(815301076,1909f56bfc062723c751e8b465ee728b)
Start importing Assets/Editor using Guid(be0bc8e1756dd604e95ba748f32fde94) Importer(815301076,1909f56bfc062723c751e8b465ee728b)  -> (artifact id: 'de808a5f7f882e31e605d82c81a22b8f') in 0.004870 seconds
  Import took 0.007067 seconds .

========================================================================
Received Import Request.
  Time since last request: 11.074339 seconds.
  path: Assets/Editor/BatchModeBui;d.cs
  artifactKey: Guid(4a62a63dbf556804abc20166b9df2ca6) Importer(815301076,1909f56bfc062723c751e8b465ee728b)
Start importing Assets/Editor/BatchModeBui;d.cs using Guid(4a62a63dbf556804abc20166b9df2ca6) Importer(815301076,1909f56bfc062723c751e8b465ee728b)  -> (artifact id: '8b0a69e1b326a25142956cae2e7ad73f') in 0.005490 seconds
  Import took 0.007995 seconds .

========================================================================
Received Import Request.
  Time since last request: 0.002523 seconds.
  path: Assets/Editor/BatchModeBui;d.cs
  artifactKey: Guid(4a62a63dbf556804abc20166b9df2ca6) Importer(815301076,1909f56bfc062723c751e8b465ee728b)
Start importing Assets/Editor/BatchModeBui;d.cs using Guid(4a62a63dbf556804abc20166b9df2ca6) Importer(815301076,1909f56bfc062723c751e8b465ee728b)  -> (artifact id: '8b0a69e1b326a25142956cae2e7ad73f') in 0.001795 seconds
  Import took 0.003823 seconds .

========================================================================
Received Import Request.
  Time since last request: 4.538154 seconds.
  path: Assets/Editor/BatchModeBuild.cs
  artifactKey: Guid(4a62a63dbf556804abc20166b9df2ca6) Importer(815301076,1909f56bfc062723c751e8b465ee728b)
Start importing Assets/Editor/BatchModeBuild.cs using Guid(4a62a63dbf556804abc20166b9df2ca6) Importer(815301076,1909f56bfc062723c751e8b465ee728b)  -> (artifact id: '262c56a07893ce0446941bc5f2104d5f') in 0.009708 seconds
  Import took 0.012555 seconds .

========================================================================
Received Prepare
Reloading mono domain
Begin MonoManager ReloadAssembly
Registering precompiled unity dll's ...
Register platform support module: C:/Program Files/Unity/Hub/Editor/2020.2.0b11/Editor/Data/PlaybackEngines/WindowsStandaloneSupport/UnityEditor.WindowsStandalone.Extensions.dll
Registered in 0.001771 seconds.
Symbol file LoadedFromMemory doesn't match image D:\BugRepro\Library\PackageCache\com.unity.ext.nunit@1.0.0\net35\unity-custom\nunit.framework.dll
Native extension for WindowsStandalone target not found
Refreshing native plugins compatible for Editor in 19.63 ms, found 0 plugins.
Preloading 0 native plugins for Editor in 0.00 ms.
Invoked RoslynAnalysisRunner static constructor.
RoslynAnalysisRunner will not be running.
RoslynAnalysisRunner has terminated.
Mono: successfully reloaded assembly
- Completed reload, in  0.804 seconds
Platform modules already initialized, skipping
Registering precompiled user dll's ...
Registered in 0.001906 seconds.
Begin MonoManager ReloadAssembly
Symbol file LoadedFromMemory doesn't match image D:\BugRepro\Library\PackageCache\com.unity.ext.nunit@1.0.0\net35\unity-custom\nunit.framework.dll
Native extension for WindowsStandalone target not found
Refreshing native plugins compatible for Editor in 0.18 ms, found 0 plugins.
Preloading 0 native plugins for Editor in 0.00 ms.
Invoked RoslynAnalysisRunner static constructor.
RoslynAnalysisRunner will not be running.
RoslynAnalysisRunner has terminated.
Mono: successfully reloaded assembly
- Completed reload, in  0.720 seconds
Platform modules already initialized, skipping
Refreshing native plugins compatible for Editor in 0.18 ms, found 0 plugins.
Preloading 0 native plugins for Editor in 0.00 ms.
Unloading 12 Unused Serialized files (Serialized files now loaded: 0)
System memory in use before: 35.2 MB.
System memory in use after: 35.3 MB.

Unloading 10 unused Assets to reduce memory usage. Loaded Objects now: 1412.
Total: 1.669900 ms (FindLiveObjects: 0.248600 ms CreateObjectMapping: 0.025200 ms MarkObjects: 1.378100 ms  DeleteObjects: 0.015100 ms)

========================================================================
Received Import Request.
  Time since last request: 214.677864 seconds.
  path: Assets/Editor/BatchModeBuild.cs
  artifactKey: Guid(4a62a63dbf556804abc20166b9df2ca6) Importer(815301076,1909f56bfc062723c751e8b465ee728b)
Start importing Assets/Editor/BatchModeBuild.cs using Guid(4a62a63dbf556804abc20166b9df2ca6) Importer(815301076,1909f56bfc062723c751e8b465ee728b)  -> (artifact id: '963e07517c949a9c2b7560c06728799d') in 0.002616 seconds
  Import took 0.004569 seconds .

AssetImportWorkerClient::OnTransportError - code=2 error=End of file
